|-------------- Written with ogs5py --------------|
#OUTPUT
  $NOD_VALUES
   HEAD
   VELOCITY_X1
   VELOCITY_Y1
   VELOCITY_Z1
   Bfo1
   Bmo1
   doc1
   dox1
   Amm1
   Bifo1
   Bimo1
   Bfn1
   Bmn1
   nitra1
   Bifn1
   Bimn1
   Bfs1
   Bms1
   sulpha1
   Bifs1
   Bims1
   Bfa1
   Bma1
   Bifa1
   Bima1
   tr1
   POM1
  $GEO_TYPE
   DOMAIN
  $TIM_TYPE
   STEPS 5000
  $DAT_TYPE
   TECPLOT
  $PCS_TYPE
   ALL
;#OUTPUT
;  $NOD_VALUES
;   HEAD
;   VELOCITY_X1
;   VELOCITY_Y1
;   VELOCITY_Z1
;   Bfo1
;   Bmo1
;   doc1
;   dox1
;   Amm1
;   Bifo1
;   Bimo1
;   Bfn1
;   Bmn1
;   nitra1
;   Bifn1
;   Bimn1
;   Bfs1
;   Bms1
;   sulpha1
;   Bifs1
;   Bims1
;   Bfa1
;   Bma1
;   Bifa1
;   Bima1
;   tr1
;  $GEO_TYPE
;   POINT POINT0
;  $TIM_TYPE
;   STEPS 10
;  $DAT_TYPE
;   TECPLOT
;  $PCS_TYPE
;   ALL
;#OUTPUT
;  $NOD_VALUES
;   HEAD
;   VELOCITY_X1
;   VELOCITY_Y1
;   VELOCITY_Z1
;   Bfo1
;   Bmo1
;   doc1
;   dox1
;   Amm1
;   Bifo1
;   Bimo1
;   Bfn1
;   Bmn1
;   nitra1
;   Bifn1
;   Bimn1
;   Bfs1
;   Bms1
;   sulpha1
;   Bifs1
;   Bims1
;   Bfa1
;   Bma1
;   Bifa1
;   Bima1
;   tr1
;  $GEO_TYPE
;   POINT POINT1
;  $TIM_TYPE
;   STEPS 10
;  $DAT_TYPE
;   TECPLOT
;  $PCS_TYPE
;   ALL
;#OUTPUT
;  $NOD_VALUES
;   HEAD
;   VELOCITY_X1
;   VELOCITY_Y1
;   VELOCITY_Z1
;   Bfo1
;   Bmo1
;   doc1
;   dox1
;   Amm1
;   Bifo1
;   Bimo1
;   Bfn1
;   Bmn1
;   nitra1
;   Bifn1
;   Bimn1
;   Bfs1
;   Bms1
;   sulpha1
;   Bifs1
;   Bims1
;   Bfa1
;   Bma1
;   Bifa1
;   Bima1
;   tr1
;  $GEO_TYPE
;   POINT POINT2
;  $TIM_TYPE
;   STEPS 10
;  $DAT_TYPE
;   TECPLOT
;  $PCS_TYPE
;   ALL
;#OUTPUT
;  $NOD_VALUES
;   HEAD
;   VELOCITY_X1
;   VELOCITY_Y1
;   VELOCITY_Z1
;   Bfo1
;   Bmo1
;   doc1
;   dox1
;   Amm1
;   Bifo1
;   Bimo1
;   Bfn1
;   Bmn1
;   nitra1
;   Bifn1
;   Bimn1
;   Bfs1
;   Bms1
;   sulpha1
;   Bifs1
;   Bims1
;   Bfa1
;   Bma1
;   Bifa1
;   Bima1
;   tr1
;  $GEO_TYPE
;   POINT POINT3
;  $TIM_TYPE
;   STEPS 10
;  $DAT_TYPE
;   TECPLOT
;  $PCS_TYPE
;   ALL
;#OUTPUT
;  $NOD_VALUES
;   HEAD
;   VELOCITY_X1
;   VELOCITY_Y1
;   VELOCITY_Z1
;   Bfo1
;   Bmo1
;   doc1
;   dox1
;   Amm1
;   Bifo1
;   Bimo1
;   Bfn1
;   Bmn1
;   nitra1
;   Bifn1
;   Bimn1
;   Bfs1
;   Bms1
;   sulpha1
;   Bifs1
;   Bims1
;   Bfa1
;   Bma1
;   Bifa1
;   Bima1
;   tr1
;  $GEO_TYPE
;   POINT POINT4
;  $TIM_TYPE
;   STEPS 10
;  $DAT_TYPE
;   TECPLOT
;  $PCS_TYPE
;   ALL
;#OUTPUT
;  $NOD_VALUES
;   HEAD
;   VELOCITY_X1
;   VELOCITY_Y1
;   VELOCITY_Z1
;   Bfo1
;   Bmo1
;   doc1
;   dox1
;   Amm1
;   Bifo1
;   Bimo1
;   Bfn1
;   Bmn1
;   nitra1
;   Bifn1
;   Bimn1
;   Bfs1
;   Bms1
;   sulpha1
;   Bifs1
;   Bims1
;   Bfa1
;   Bma1
;   Bifa1
;   Bima1
;   tr1
;  $GEO_TYPE
;   POINT POINT5
;  $TIM_TYPE
;   STEPS 10
;  $DAT_TYPE
;   TECPLOT
;  $PCS_TYPE
;   ALL
;#OUTPUT
;  $NOD_VALUES
;   HEAD
;   VELOCITY_X1
;   VELOCITY_Y1
;   VELOCITY_Z1
;   Bfo1
;   Bmo1
;   doc1
;   dox1
;   Amm1
;   Bifo1
;   Bimo1
;   Bfn1
;   Bmn1
;   nitra1
;   Bifn1
;   Bimn1
;   Bfs1
;   Bms1
;   sulpha1
;   Bifs1
;   Bims1
;   Bfa1
;   Bma1
;   Bifa1
;   Bima1
;   tr1
;  $GEO_TYPE
;   POINT POINT6
;  $TIM_TYPE
;   STEPS 10
;  $DAT_TYPE
;   TECPLOT
;  $PCS_TYPE
;   ALL
;#OUTPUT
;  $NOD_VALUES
;   HEAD
;   VELOCITY_X1
;   VELOCITY_Y1
;   VELOCITY_Z1
;   Bfo1
;   Bmo1
;   doc1
;   dox1
;   Amm1
;   Bifo1
;   Bimo1
;   Bfn1
;   Bmn1
;   nitra1
;   Bifn1
;   Bimn1
;   Bfs1
;   Bms1
;   sulpha1
;   Bifs1
;   Bims1
;   Bfa1
;   Bma1
;   Bifa1
;   Bima1
;   tr1
;  $GEO_TYPE
;   POINT POINT7
;  $TIM_TYPE
;   STEPS 10
;  $DAT_TYPE
;   TECPLOT
;  $PCS_TYPE
;   ALL
;#OUTPUT
;  $NOD_VALUES
;   HEAD
;   VELOCITY_X1
;   VELOCITY_Y1
;   VELOCITY_Z1
;   Bfo1
;   Bmo1
;   doc1
;   dox1
;   Amm1
;   Bifo1
;   Bimo1
;   Bfn1
;   Bmn1
;   nitra1
;   Bifn1
;   Bimn1
;   Bfs1
;   Bms1
;   sulpha1
;   Bifs1
;   Bims1
;   Bfa1
;   Bma1
;   Bifa1
;   Bima1
;   tr1
;  $GEO_TYPE
;   POINT POINT8
;  $TIM_TYPE
;   STEPS 10
;  $DAT_TYPE
;   TECPLOT
;  $PCS_TYPE
;   ALL
;#OUTPUT
;  $NOD_VALUES
;   HEAD
;   VELOCITY_X1
;   VELOCITY_Y1
;   VELOCITY_Z1
;   Bfo1
;   Bmo1
;   doc1
;   dox1
;   Amm1
;   Bifo1
;   Bimo1
;   Bfn1
;   Bmn1
;   nitra1
;   Bifn1
;   Bimn1
;   Bfs1
;   Bms1
;   sulpha1
;   Bifs1
;   Bims1
;   Bfa1
;   Bma1
;   Bifa1
;   Bima1
;   tr1
;  $GEO_TYPE
;   POINT POINT9
;  $TIM_TYPE
;   STEPS 10
;  $DAT_TYPE
;   TECPLOT
;  $PCS_TYPE
;   ALL
;#OUTPUT
;  $NOD_VALUES
;   HEAD
;   VELOCITY_X1
;   VELOCITY_Y1
;   VELOCITY_Z1
;   Bfo1
;   Bmo1
;   doc1
;   dox1
;   Amm1
;   Bifo1
;   Bimo1
;   Bfn1
;   Bmn1
;   nitra1
;   Bifn1
;   Bimn1
;   Bfs1
;   Bms1
;   sulpha1
;   Bifs1
;   Bims1
;   Bfa1
;   Bma1
;   Bifa1
;   Bima1
;   tr1
;  $GEO_TYPE
;   POINT POINT10
;  $TIM_TYPE
;   STEPS 10
;  $DAT_TYPE
;   TECPLOT
;  $PCS_TYPE
;   ALL
;#OUTPUT
;  $NOD_VALUES
;   HEAD
;   VELOCITY_X1
;   VELOCITY_Y1
;   VELOCITY_Z1
;   Bfo1
;   Bmo1
;   doc1
;   dox1
;   Amm1
;   Bifo1
;   Bimo1
;   Bfn1
;   Bmn1
;   nitra1
;   Bifn1
;   Bimn1
;   Bfs1
;   Bms1
;   sulpha1
;   Bifs1
;   Bims1
;   Bfa1
;   Bma1
;   Bifa1
;   Bima1
;   tr1
;  $GEO_TYPE
;   POINT POINT11
;  $TIM_TYPE
;   STEPS 10
;  $DAT_TYPE
;   TECPLOT
;  $PCS_TYPE
;   ALL
#STOP
|-- Written with ogs5py (0.6.1) on: 2019-05-23_10-11-35 --|